2020-11-23 20:34:45.573 | INFO     | httprunner.runner:test_start:450 - Start to run testcase: jc, TestCase ID: bc0d442a-ef96-45fa-a530-53fa3646e777
2020-11-23 20:34:45.575 | INFO     | httprunner.runner:__run_step:292 - run step begin: haha >>>>>>
2020-11-23 20:34:45.582 | WARNING  | httprunner.client:request:188 - failed to get client address info: 'NoneType' object has no attribute 'getsockname'
2020-11-23 20:34:45.582 | WARNING  | httprunner.client:request:196 - failed to get server address info: 'NoneType' object has no attribute 'getpeername'
2020-11-23 20:34:45.583 | DEBUG    | httprunner.client:log_print:40 - 
================== request details ==================
method   : GET
url      : http://127.0.0.1:5000/haha
headers  : {
    "User-Agent": "python-requests/2.25.0",
    "Accept-Encoding": "gzip, deflate",
    "Accept": "*/*",
    "Connection": "keep-alive",
    "HRUN-Request-ID": "HRUN-bc0d442a-ef96-45fa-a530-53fa3646e777-885576"
}
cookies  : {}
body     : None

2020-11-23 20:34:45.584 | DEBUG    | httprunner.client:log_print:40 - 
================== response details ==================
status_code : 404
headers  : {
    "Content-Type": "text/html; charset=utf-8",
    "Content-Length": "232",
    "Server": "Werkzeug/1.0.1 Python/3.8.0",
    "Date": "Mon, 23 Nov 2020 12:34:45 GMT"
}
cookies  : {}
encoding : utf-8
content_type : text/html; charset=utf-8
body     : <!DOCTYPE HTML PUBLIC "-//W3C//DTD HTML 3.2 Final//EN">
<title>404 Not Found</title>
<h1>Not Found</h1>
<p>The requested URL was not found on the server. If you entered the URL manually please check your spelling and try again.</p>


2020-11-23 20:34:45.584 | ERROR    | httprunner.client:request:215 - 404 Client Error: NOT FOUND for url: http://127.0.0.1:5000/haha
2020-11-23 20:34:45.585 | ERROR    | httprunner.response:validate:263 - assert body.name equal jc(str)	==> fail
check_item: body.name
check_value: None(NoneType)
assert_method: equal
expect_value: jc(str)
2020-11-23 20:34:45.585 | ERROR    | httprunner.response:validate:263 - assert body.age equal 99(int)	==> fail
check_item: body.age
check_value: None(NoneType)
assert_method: equal
expect_value: 99(int)
2020-11-23 20:34:45.585 | ERROR    | httprunner.response:validate:263 - assert body.addr equal hangzhou(str)	==> fail
check_item: body.addr
check_value: None(NoneType)
assert_method: equal
expect_value: hangzhou(str)
2020-11-23 20:34:45.586 | ERROR    | httprunner.runner:log_req_resp_details:194 - 
******************************** DETAILED REQUEST & RESPONSE ********************************
====== request details ======
url: http://127.0.0.1:5000/haha
method: GET
headers: {'HRUN-Request-ID': 'HRUN-bc0d442a-ef96-45fa-a530-53fa3646e777-885576'}
params: {}
data: None
cookies: {}
timeout: 120
allow_redirects: True
verify: False
json: None

====== response details ======
status_code: 404
headers: {'Content-Type': 'text/html; charset=utf-8', 'Content-Length': '232', 'Server': 'Werkzeug/1.0.1 Python/3.8.0', 'Date': 'Mon, 23 Nov 2020 12:34:45 GMT'}
body: '<!DOCTYPE HTML PUBLIC "-//W3C//DTD HTML 3.2 Final//EN">\n<title>404 Not Found</title>\n<h1>Not Found</h1>\n<p>The requested URL was not found on the server. If you entered the URL manually please check your spelling and try again.</p>\n'

